2025-01-21 21:00:05,551 - ERROR - Error: Codigo no introducido
2025-01-21 21:00:07,033 - ERROR - Error: Codigo no introducido
2025-01-21 21:00:10,435 - INFO - Fichaje realizado: Cï¿½digo=4, Estado=IN
2025-01-21 21:00:14,417 - ERROR - Error: Codigo no valido
2025-01-21 21:00:18,965 - ERROR - Error: Codigo no valido
2025-01-21 21:00:22,121 - INFO - Fichaje realizado: Cï¿½digo=1, Estado=IN
2025-01-21 21:00:23,497 - INFO - Fichaje realizado: Cï¿½digo=1, Estado=OUT
2025-01-21 21:00:26,283 - INFO - Fichaje realizado: Cï¿½digo=4, Estado=OUT
2025-01-21 21:09:43,608 - ERROR - Codigo no introducido
2025-01-21 21:09:45,700 - INFO - Fichaje realizado: Cï¿½digo=4, Nombre=Pedro, Estado=IN
2025-01-21 21:09:47,560 - ERROR - Codigo no valido
2025-01-21 21:09:49,969 - INFO - Fichaje realizado: Cï¿½digo=4, Nombre=Pedro, Estado=OUT
2025-01-21 21:09:52,059 - INFO - Fichaje realizado: Cï¿½digo=1, Nombre=Gonzalo, Estado=IN
2025-01-21 21:09:52,931 - INFO - Fichaje realizado: Cï¿½digo=1, Nombre=Gonzalo, Estado=OUT
2025-01-21 21:09:55,571 - ERROR - Codigo no valido
2025-01-21 21:09:58,556 - ERROR - Codigo no introducido
2025-01-22 10:07:41,950 - ERROR - Codigo no introducido
2025-01-22 10:07:45,470 - ERROR - Codigo no valido
2025-01-22 10:07:50,354 - INFO - Fichaje realizado: Cï¿½digo=4, Nombre=Pedro, Estado=IN
2025-01-22 10:07:59,005 - INFO - Fichaje realizado: Cï¿½digo=2, Nombre=Rodrigo, Estado=IN
2025-01-22 10:13:27,223 - ERROR - Codigo no introducido
2025-01-22 10:13:30,084 - ERROR - Codigo no valido
2025-01-22 10:13:33,251 - ERROR - Codigo no valido
2025-01-22 10:31:21,584 - INFO - Fichaje realizado: Cï¿½digo=4, Nombre=Pedro, Estado=OUT
2025-01-22 10:42:15,363 - INFO - Fichaje realizado: Cï¿½digo=4, Nombre=Pedro, Estado=IN
2025-01-22 10:42:56,198 - INFO - Fichaje rechazado: Cï¿½digo=4, Nombre=Pedro
2025-01-22 10:43:16,876 - INFO - Fichaje rechazado: Cï¿½digo=4, Nombre=Pedro
2025-01-22 10:43:21,162 - INFO - Fichaje realizado: Cï¿½digo=4, Nombre=Pedro, Estado=OUT
2025-01-22 10:43:21,188 - INFO - Fichaje realizado: Cï¿½digo=4, Nombre=Pedro, Estado=IN
2025-01-22 10:43:23,883 - ERROR - Codigo no introducido
2025-01-22 10:43:26,810 - ERROR - Codigo no valido
2025-01-22 10:45:47,171 - INFO - Fichaje rechazado: Cï¿½digo=1, Nombre=Gonzalo
2025-01-22 20:09:47,613 - ERROR - Codigo no valido
2025-01-22 20:17:06,816 - ERROR - Codigo no valido
2025-01-22 21:11:31,473 - ERROR - near "WHERE": syntax error
2025-01-27 17:43:26,470 - ERROR - Codigo no introducido
2025-02-04 21:14:58,279 - ERROR - Codigo no introducido
2025-02-04 21:15:03,376 - ERROR - Codigo no introducido
2025-02-04 21:15:11,754 - ERROR - Codigo no valido
2025-02-04 21:15:17,336 - INFO - Fichaje rechazado: Codigo=4, Nombre=Pedro
2025-02-04 21:15:21,351 - INFO - Fichaje realizado: Codigo=4, Nombre=Pedro, Estado=OUT
2025-02-04 21:15:21,371 - INFO - Fichaje realizado: Codigo=4, Nombre=Pedro, Estado=IN
2025-02-04 21:15:25,243 - INFO - Fichaje rechazado: Codigo=4, Nombre=Pedro
2025-02-04 21:15:25,246 - INFO - Fichaje rechazado: Codigo=4, Nombre=Pedro
2025-02-04 21:15:25,246 - INFO - Fichaje rechazado: Codigo=4, Nombre=Pedro
2025-02-04 21:15:28,316 - INFO - Fichaje realizado: Codigo=4, Nombre=Pedro, Estado=OUT
2025-02-04 21:15:28,334 - INFO - Fichaje realizado: Codigo=4, Nombre=Pedro, Estado=IN
2025-02-04 21:15:28,346 - INFO - Fichaje realizado: Codigo=4, Nombre=Pedro, Estado=OUT
2025-02-04 21:15:28,355 - INFO - Fichaje realizado: Codigo=4, Nombre=Pedro, Estado=IN
2025-02-04 21:15:30,697 - ERROR - Codigo no valido
2025-02-04 21:15:34,481 - ERROR - Codigo no introducido
2025-02-04 21:15:38,126 - ERROR - Codigo no introducido
2025-02-04 21:15:38,287 - ERROR - Codigo no introducido
2025-02-04 21:15:38,426 - ERROR - Codigo no introducido
2025-02-04 21:15:38,559 - ERROR - Codigo no introducido
2025-02-04 21:15:38,719 - ERROR - Codigo no introducido
2025-02-04 21:15:38,870 - ERROR - Codigo no introducido
2025-02-04 21:15:39,012 - ERROR - Codigo no introducido
2025-02-04 21:15:39,134 - ERROR - Codigo no introducido
2025-02-04 21:15:39,279 - ERROR - Codigo no introducido
2025-02-04 21:15:39,509 - ERROR - Codigo no introducido
2025-02-04 21:15:40,393 - ERROR - Codigo no introducido
2025-02-04 21:15:40,557 - ERROR - Codigo no introducido
2025-02-04 21:15:40,683 - ERROR - Codigo no introducido
2025-02-04 21:15:40,846 - ERROR - Codigo no introducido
2025-02-04 21:15:40,995 - ERROR - Codigo no introducido
2025-02-04 21:15:41,215 - ERROR - Codigo no introducido
2025-02-04 21:15:48,363 - INFO - Fichaje rechazado: Codigo=4, Nombre=Pedro
2025-02-04 21:15:48,367 - INFO - Fichaje rechazado: Codigo=4, Nombre=Pedro
2025-02-04 21:15:48,369 - INFO - Fichaje rechazado: Codigo=4, Nombre=Pedro
2025-02-04 21:15:48,369 - INFO - Fichaje rechazado: Codigo=4, Nombre=Pedro
2025-02-04 21:15:48,370 - INFO - Fichaje rechazado: Codigo=4, Nombre=Pedro
2025-02-04 21:15:52,153 - INFO - Fichaje realizado: Codigo=4, Nombre=Pedro, Estado=OUT
2025-02-04 21:15:52,167 - INFO - Fichaje realizado: Codigo=4, Nombre=Pedro, Estado=IN
2025-02-04 21:15:52,175 - INFO - Fichaje realizado: Codigo=4, Nombre=Pedro, Estado=OUT
2025-02-04 21:15:52,184 - INFO - Fichaje realizado: Codigo=4, Nombre=Pedro, Estado=IN
2025-02-04 21:15:52,191 - INFO - Fichaje realizado: Codigo=4, Nombre=Pedro, Estado=OUT
2025-02-04 21:15:52,200 - INFO - Fichaje realizado: Codigo=4, Nombre=Pedro, Estado=IN
2025-02-04 21:15:55,210 - INFO - Fichaje rechazado: Codigo=4, Nombre=Pedro
2025-02-04 21:15:55,214 - INFO - Fichaje rechazado: Codigo=4, Nombre=Pedro
2025-02-04 21:15:55,215 - INFO - Fichaje rechazado: Codigo=4, Nombre=Pedro
2025-02-04 21:15:55,215 - INFO - Fichaje rechazado: Codigo=4, Nombre=Pedro
2025-02-04 21:15:55,216 - INFO - Fichaje rechazado: Codigo=4, Nombre=Pedro
2025-02-04 21:15:55,217 - INFO - Fichaje rechazado: Codigo=4, Nombre=Pedro
2025-02-04 21:15:55,218 - INFO - Fichaje rechazado: Codigo=4, Nombre=Pedro
2025-02-04 21:15:58,842 - INFO - Fichaje realizado: Codigo=4, Nombre=Pedro, Estado=OUT
2025-02-04 21:15:58,861 - INFO - Fichaje realizado: Codigo=4, Nombre=Pedro, Estado=IN
2025-02-04 21:15:58,871 - INFO - Fichaje realizado: Codigo=4, Nombre=Pedro, Estado=OUT
2025-02-04 21:15:58,880 - INFO - Fichaje realizado: Codigo=4, Nombre=Pedro, Estado=IN
2025-02-04 21:15:58,887 - INFO - Fichaje realizado: Codigo=4, Nombre=Pedro, Estado=OUT
2025-02-04 21:15:58,894 - INFO - Fichaje realizado: Codigo=4, Nombre=Pedro, Estado=IN
2025-02-04 21:15:58,901 - INFO - Fichaje realizado: Codigo=4, Nombre=Pedro, Estado=OUT
2025-02-04 21:15:58,907 - INFO - Fichaje realizado: Codigo=4, Nombre=Pedro, Estado=IN
2025-02-04 21:16:01,361 - ERROR - Codigo no valido
2025-02-04 21:16:02,367 - ERROR - Codigo no valido
2025-02-04 21:16:07,286 - ERROR - Codigo no valido
2025-02-04 21:16:43,593 - INFO - Fichaje realizado: Codigo=4, Nombre=Pedro, Estado=OUT
2025-02-04 21:17:05,059 - INFO - Fichaje rechazado: Codigo=4, Nombre=Pedro
2025-02-04 21:17:08,443 - INFO - Fichaje realizado: Codigo=4, Nombre=Pedro, Estado=IN
2025-02-04 21:17:08,462 - INFO - Fichaje realizado: Codigo=4, Nombre=Pedro, Estado=OUT
2025-02-04 21:17:39,889 - INFO - Fichaje rechazado: Codigo=4, Nombre=Pedro
2025-02-04 21:17:56,262 - INFO - Fichaje realizado: Codigo=4, Nombre=Pedro, Estado=OUT
2025-02-04 21:18:08,584 - INFO - Fichaje rechazado: Codigo=4, Nombre=Pedro
2025-02-04 21:18:12,160 - INFO - Fichaje realizado: Codigo=4, Nombre=Pedro, Estado=IN
2025-02-04 21:18:12,178 - INFO - Fichaje realizado: Codigo=4, Nombre=Pedro, Estado=OUT
2025-02-04 21:18:15,476 - INFO - Fichaje realizado: Codigo=4, Nombre=Pedro, Estado=IN
2025-02-04 21:18:15,490 - INFO - Fichaje realizado: Codigo=4, Nombre=Pedro, Estado=OUT
2025-02-04 21:18:15,500 - INFO - Fichaje realizado: Codigo=4, Nombre=Pedro, Estado=IN
2025-02-06 23:32:15,682 - ERROR - No se han seleccionado trabajadores
2025-02-06 23:36:06,421 - ERROR - No se han seleccionado trabajadores
2025-02-08 10:53:55,196 - ERROR - Las fechas no son coherentes
2025-02-08 10:54:23,957 - ERROR - Las fechas no son coherentes
2025-02-08 11:00:24,411 - ERROR - No se han seleccionado trabajadores
2025-02-11 18:08:00,393 - ERROR - No se han seleccionado trabajadores
2025-02-11 18:08:02,248 - ERROR - Error binding parameter 2: type 'QDate' is not supported
2025-02-11 18:33:34,083 - ERROR - No se han seleccionado trabajadores
2025-02-13 19:58:26,702 - ERROR - Codigo no introducido
2025-02-13 19:58:51,437 - ERROR - Codigo no valido
2025-02-13 19:58:57,275 - ERROR - Codigo no valido
2025-02-13 20:00:44,591 - ERROR - Codigo no introducido
2025-02-13 20:00:47,838 - ERROR - Codigo no valido
2025-02-13 20:00:50,977 - ERROR - Codigo no valido
2025-02-13 20:00:54,542 - ERROR - Codigo no valido
2025-02-13 20:00:59,716 - INFO - Fichaje realizado: Codigo=4
, Nombre=Pedro, Estado=OUT
2025-02-13 20:01:03,300 - INFO - Fichaje realizado: Codigo=4
, Nombre=Pedro, Estado=OUT
2025-02-13 20:01:03,317 - INFO - Fichaje realizado: Codigo=4, Nombre=Pedro, Estado=IN
2025-02-13 20:01:06,610 - INFO - Fichaje realizado: Codigo=4
, Nombre=Pedro, Estado=OUT
2025-02-13 20:01:06,625 - INFO - Fichaje realizado: Codigo=4, Nombre=Pedro, Estado=IN
2025-02-13 20:01:06,633 - INFO - Fichaje realizado: Codigo=4, Nombre=Pedro, Estado=OUT
2025-02-13 20:01:11,071 - INFO - Fichaje rechazado: Codigo=4
, Nombre=Pedro
2025-02-13 20:01:11,076 - INFO - Fichaje rechazado: Codigo=4, Nombre=Pedro
2025-02-13 20:01:11,077 - INFO - Fichaje rechazado: Codigo=4, Nombre=Pedro
2025-02-13 20:01:11,078 - INFO - Fichaje rechazado: Codigo=5, Nombre=Lope
2025-02-13 20:01:16,048 - INFO - Fichaje rechazado: Codigo=4
, Nombre=Pedro
2025-02-13 20:01:16,052 - INFO - Fichaje rechazado: Codigo=4, Nombre=Pedro
2025-02-13 20:01:16,053 - INFO - Fichaje rechazado: Codigo=4, Nombre=Pedro
2025-02-13 20:01:16,054 - INFO - Fichaje rechazado: Codigo=5, Nombre=Lope
2025-02-13 20:01:16,055 - INFO - Fichaje rechazado: Codigo=5, Nombre=Lope
2025-02-13 20:01:20,392 - INFO - Fichaje rechazado: Codigo=4
, Nombre=Pedro
2025-02-13 20:01:20,396 - INFO - Fichaje rechazado: Codigo=4, Nombre=Pedro
2025-02-13 20:01:20,397 - INFO - Fichaje rechazado: Codigo=4, Nombre=Pedro
2025-02-13 20:01:20,398 - INFO - Fichaje rechazado: Codigo=5, Nombre=Lope
2025-02-13 20:01:20,399 - INFO - Fichaje rechazado: Codigo=5, Nombre=Lope
2025-02-13 20:01:20,400 - INFO - Fichaje rechazado: Codigo=5, Nombre=Lope
2025-02-13 20:01:25,098 - INFO - Fichaje realizado: Codigo=4
, Nombre=Pedro, Estado=OUT
2025-02-13 20:01:25,113 - INFO - Fichaje realizado: Codigo=4, Nombre=Pedro, Estado=IN
2025-02-13 20:01:25,122 - INFO - Fichaje realizado: Codigo=4, Nombre=Pedro, Estado=OUT
2025-02-13 20:01:25,131 - INFO - Fichaje realizado: Codigo=5, Nombre=Lope, Estado=IN
2025-02-13 20:01:25,140 - INFO - Fichaje realizado: Codigo=5, Nombre=Lope, Estado=OUT
2025-02-13 20:01:25,150 - INFO - Fichaje realizado: Codigo=5, Nombre=Lope, Estado=IN
2025-02-13 20:01:25,159 - INFO - Fichaje realizado: Codigo=5, Nombre=Lope, Estado=OUT
2025-02-13 20:02:26,083 - INFO - Fichaje rechazado: Codigo=4, Nombre=Pedro
2025-02-13 20:02:29,194 - INFO - Fichaje realizado: Codigo=4, Nombre=Pedro, Estado=IN
2025-02-13 20:02:29,207 - INFO - Fichaje realizado: Codigo=4, Nombre=Pedro, Estado=OUT
2025-02-13 20:02:55,604 - INFO - Fichaje realizado: Codigo=4, Nombre=Pedro, Estado=IN
2025-02-13 20:03:11,380 - INFO - Fichaje rechazado: Codigo=4, Nombre=Pedro
2025-02-13 20:03:11,382 - INFO - Fichaje rechazado: Codigo=4, Nombre=Pedro
2025-02-13 20:03:26,854 - INFO - Fichaje realizado: Codigo=4, Nombre=Pedro, Estado=IN
2025-02-13 20:03:26,867 - INFO - Fichaje realizado: Codigo=4, Nombre=Pedro, Estado=OUT
2025-02-13 20:03:26,876 - INFO - Fichaje realizado: Codigo=4, Nombre=Pedro, Estado=IN
2025-02-13 20:03:33,237 - INFO - Fichaje realizado: Codigo=4, Nombre=Pedro, Estado=IN
2025-02-13 20:03:33,250 - INFO - Fichaje realizado: Codigo=4, Nombre=Pedro, Estado=OUT
2025-02-13 20:03:33,258 - INFO - Fichaje realizado: Codigo=4, Nombre=Pedro, Estado=IN
2025-02-13 20:03:33,267 - INFO - Fichaje realizado: Codigo=4, Nombre=Pedro, Estado=OUT
2025-02-13 20:07:12,512 - INFO - Fichaje realizado: Codigo=4, Nombre=Pedro, Estado=IN
2025-02-13 20:07:18,268 - INFO - Fichaje realizado: Codigo=4, Nombre=Pedro, Estado=IN
2025-02-13 20:07:18,285 - INFO - Fichaje realizado: Codigo=4, Nombre=Pedro, Estado=OUT
2025-02-13 20:07:35,353 - INFO - Fichaje realizado: Codigo=4, Nombre=Pedro, Estado=IN
2025-02-13 20:07:35,365 - INFO - Fichaje realizado: Codigo=4, Nombre=Pedro, Estado=OUT
2025-02-13 20:07:35,375 - INFO - Fichaje realizado: Codigo=4, Nombre=Pedro, Estado=IN
2025-02-13 20:07:42,403 - INFO - Fichaje rechazado: Codigo=4, Nombre=Pedro
2025-02-13 20:07:42,405 - INFO - Fichaje rechazado: Codigo=4, Nombre=Pedro
2025-02-13 20:07:42,406 - INFO - Fichaje rechazado: Codigo=4, Nombre=Pedro
2025-02-13 20:07:42,407 - INFO - Fichaje rechazado: Codigo=5, Nombre=Lope
2025-02-13 20:08:57,879 - INFO - Fichaje realizado: Codigo=4, Nombre=Pedro, Estado=OUT
2025-02-13 20:09:00,602 - INFO - Fichaje realizado: Codigo=4, Nombre=Pedro, Estado=OUT
2025-02-13 20:09:00,617 - INFO - Fichaje realizado: Codigo=4, Nombre=Pedro, Estado=IN
2025-02-13 20:09:04,148 - INFO - Fichaje realizado: Codigo=4, Nombre=Pedro, Estado=OUT
2025-02-13 20:09:04,159 - INFO - Fichaje realizado: Codigo=4, Nombre=Pedro, Estado=IN
2025-02-13 20:09:04,167 - INFO - Fichaje realizado: Codigo=5, Nombre=Lope, Estado=IN
2025-02-13 20:13:16,130 - INFO - Fichaje rechazado: Codigo=4, Nombre=Pedro
2025-02-13 20:13:19,709 - INFO - Fichaje rechazado: Codigo=4, Nombre=Pedro
2025-02-13 20:13:19,715 - INFO - Fichaje rechazado: Codigo=4, Nombre=Pedro
2025-02-13 20:13:34,823 - INFO - Fichaje rechazado: Codigo=4, Nombre=Pedro
2025-02-13 20:13:34,825 - INFO - Fichaje rechazado: Codigo=4, Nombre=Pedro
2025-02-13 20:13:34,826 - INFO - Fichaje rechazado: Codigo=4, Nombre=Pedro
2025-02-13 20:14:45,696 - INFO - Fichaje rechazado: Codigo=4, Nombre=Pedro
2025-02-13 20:14:50,731 - INFO - Fichaje realizado: Codigo=4, Nombre=Pedro, Estado=OUT
2025-02-13 20:14:58,043 - INFO - Fichaje rechazado: Codigo=4, Nombre=Pedro
2025-02-13 20:15:02,155 - INFO - Fichaje rechazado: Codigo=4, Nombre=Pedro
2025-02-13 20:15:07,218 - INFO - Fichaje rechazado: Codigo=5, Nombre=Lope
2025-02-13 20:15:12,064 - INFO - Fichaje realizado: Codigo=6, Nombre=Rui, Estado=IN
2025-02-13 20:15:20,198 - INFO - Fichaje realizado: Codigo=6, Nombre=Rui, Estado=OUT
2025-02-13 20:15:27,931 - INFO - Fichaje rechazado: Codigo=4, Nombre=Pedro
2025-02-13 20:15:31,652 - ERROR - Codigo no valido
2025-02-13 20:15:38,882 - INFO - Fichaje rechazado: Codigo=4, Nombre=Pedro
2025-02-13 20:15:41,590 - INFO - Fichaje rechazado: Codigo=4, Nombre=Pedro
2025-02-13 20:15:48,159 - INFO - Fichaje rechazado: Codigo=5, Nombre=Lope
2025-02-13 20:15:52,786 - INFO - Fichaje rechazado: Codigo=6, Nombre=Rui
2025-02-13 20:15:55,856 - ERROR - Codigo no valido
2025-02-13 20:15:59,763 - ERROR - Codigo no introducido
2025-02-13 20:16:01,793 - ERROR - Codigo no valido
2025-02-13 20:16:07,529 - ERROR - Codigo no valido
2025-02-13 20:16:11,474 - ERROR - Codigo no valido
2025-02-13 20:39:47,911 - ERROR - No se han seleccionado trabajadores
2025-02-13 20:39:50,949 - ERROR - Fecha desde no valida
2025-02-13 20:40:15,358 - ERROR - No se han seleccionado trabajadores
2025-02-13 20:43:40,407 - ERROR - No se han seleccionado trabajadores
2025-02-13 20:46:10,644 - ERROR - No se han seleccionado trabajadores
2025-02-13 20:47:21,884 - ERROR - No se han seleccionado trabajadores
2025-02-13 20:47:23,969 - ERROR - No se han seleccionado trabajadores
2025-02-13 20:51:05,768 - ERROR - database is locked
2025-02-13 20:51:23,940 - ERROR - database is locked
2025-02-13 21:01:21,800 - ERROR - database is locked
2025-02-13 21:01:31,546 - ERROR - database is locked
2025-02-13 21:02:02,852 - INFO - Fichaje rechazado: Codigo=4, Nombre=Pedro
2025-02-13 21:02:11,989 - ERROR - database is locked
2025-02-13 21:03:14,714 - ERROR - database is locked
2025-02-13 21:04:44,135 - ERROR - database is locked
2025-02-13 21:06:08,750 - INFO - Fichaje realizado: Codigo=4, Nombre=Pedro, Estado=IN
2025-02-13 21:08:06,923 - ERROR - database is locked
2025-02-20 20:45:49,747 - INFO - Fichaje realizado: Codigo=2, Nombre=Rodrigo, Estado=OUT
2025-02-20 20:46:18,021 - INFO - Fichaje realizado: Codigo=2, Nombre=Rodrigo, Estado=IN
2025-02-20 20:50:36,557 - ERROR - No se han seleccionado trabajadores
2025-02-20 21:09:24,471 - ERROR - Codigo no valido
2025-02-20 21:11:02,893 - INFO - Fichaje realizado: Codigo=2, Nombre=Rodrigo, Estado=IN
2025-02-20 21:11:07,946 - INFO - Fichaje realizado: Codigo=2, Nombre=Rodrigo, Estado=IN
2025-02-20 21:11:10,970 - INFO - Fichaje realizado: Codigo=2, Nombre=Rodrigo, Estado=IN
2025-02-20 21:11:13,639 - INFO - Fichaje rechazado: Codigo=2, Nombre=Rodrigo
2025-02-20 21:11:16,653 - INFO - Fichaje realizado: Codigo=2, Nombre=Rodrigo, Estado=IN
2025-02-20 21:12:17,122 - INFO - Fichaje realizado: Codigo=2, Nombre=Rodrigo, Estado=IN
2025-02-20 21:12:19,975 - INFO - Fichaje realizado: Codigo=2, Nombre=Rodrigo, Estado=IN
2025-02-20 21:13:45,123 - INFO - Fichaje realizado: Codigo=2, Nombre=Rodrigo, Estado=IN
2025-02-20 21:13:48,378 - INFO - Fichaje realizado: Codigo=2, Nombre=Rodrigo, Estado=IN
2025-02-20 21:14:32,361 - INFO - Fichaje realizado: Codigo=2, Nombre=Rodrigo, Estado=IN
2025-02-20 21:14:45,174 - INFO - Fichaje realizado: Codigo=2, Nombre=Rodrigo, Estado=IN
2025-02-20 21:14:48,312 - INFO - Fichaje realizado: Codigo=2, Nombre=Rodrigo, Estado=IN
2025-02-20 21:15:02,509 - INFO - Fichaje realizado: Codigo=2, Nombre=Rodrigo, Estado=IN
2025-02-25 19:53:13,709 - ERROR - Código no válido
2025-02-25 19:53:17,819 - INFO - Fichaje realizado: Codigo=1, Nombre=Gonzalo, Estado=OUT
2025-02-25 19:53:21,288 - INFO - Fichaje realizado: Codigo=1, Nombre=Gonzalo, Estado=IN
2025-02-25 19:53:25,693 - ERROR - Código no válido
2025-02-25 19:53:27,697 - ERROR - Código no válido
2025-02-25 19:53:28,819 - ERROR - Código no introducido
2025-02-25 19:55:59,373 - ERROR - Código no válido
2025-02-25 19:56:00,608 - ERROR - Código no introducido
2025-02-25 19:56:03,442 - INFO - Fichaje realizado: Codigo=5, Nombre=Lope, Estado=OUT
2025-02-25 19:56:05,852 - INFO - Fichaje realizado: Codigo=5, Nombre=Lope, Estado=IN
2025-02-25 19:56:07,950 - INFO - Fichaje rechazado: Codigo=5, Nombre=Lope
2025-02-25 19:56:10,650 - INFO - Fichaje realizado: Codigo=5, Nombre=Lope, Estado=OUT
2025-02-25 19:56:12,710 - INFO - Fichaje rechazado: Codigo=5, Nombre=Lope
2025-02-25 19:56:14,506 - INFO - Fichaje realizado: Codigo=5, Nombre=Lope, Estado=IN
2025-02-25 20:01:45,241 - ERROR - Las fechas no son coherentes
2025-02-25 20:04:19,838 - ERROR - Código no introducido
2025-02-25 20:04:21,679 - ERROR - Código no introducido
2025-02-25 20:04:23,427 - ERROR - Código no válido
2025-02-25 20:04:25,395 - ERROR - Código no válido
2025-02-25 20:04:29,298 - INFO - Fichaje realizado: Codigo=2, Nombre=Rodrigo, Estado=OUT
2025-02-25 20:04:31,627 - INFO - Fichaje realizado: Codigo=2, Nombre=Rodrigo, Estado=IN
2025-02-25 20:04:34,339 - INFO - Fichaje rechazado: Codigo=2, Nombre=Rodrigo
2025-02-25 20:04:36,763 - INFO - Fichaje realizado: Codigo=2, Nombre=Rodrigo, Estado=OUT
2025-02-25 20:04:38,387 - INFO - Fichaje rechazado: Codigo=2, Nombre=Rodrigo
2025-02-25 20:04:40,281 - INFO - Fichaje realizado: Codigo=2, Nombre=Rodrigo, Estado=IN
